<?xml version="1.0" encoding="UTF-8"?>
<testng-results skipped="0" failed="0" ignored="0" total="0" passed="0">
  <reporter-output>
  </reporter-output>
  <suite name="automation.RestAssureAPI.AppTest" duration-ms="16" started-at="2021-07-24T18:02:12 IST" finished-at="2021-07-24T18:02:12 IST">
    <groups>
    </groups>
    <test name="Command line test" duration-ms="16" started-at="2021-07-24T18:02:12 IST" finished-at="2021-07-24T18:02:12 IST">
    </test> <!-- Command line test -->
  </suite> <!-- automation.RestAssureAPI.AppTest -->
</testng-results>
