<?xml version="1.0" encoding="UTF-8"?>
<testng-results skipped="0" failed="0" ignored="0" total="1" passed="1">
  <reporter-output>
  </reporter-output>
  <suite name="Command line suite" duration-ms="2890" started-at="2021-07-25T12:40:05 IST" finished-at="2021-07-25T12:40:08 IST">
    <groups>
    </groups>
    <test name="Command line test" duration-ms="2890" started-at="2021-07-25T12:40:05 IST" finished-at="2021-07-25T12:40:08 IST">
      <class name="libraryApi.LibraryTest">
        <test-method status="PASS" signature="postAddbook()[pri:0, instance:libraryApi.LibraryTest@7085bdee]" name="postAddbook" duration-ms="2826" started-at="2021-07-25T12:40:05 IST" finished-at="2021-07-25T12:40:08 IST">
          <reporter-output>
          </reporter-output>
        </test-method> <!-- postAddbook -->
      </class> <!-- libraryApi.LibraryTest -->
    </test> <!-- Command line test -->
  </suite> <!-- Command line suite -->
</testng-results>
