<?xml version="1.0" encoding="UTF-8"?>
<testng-results skipped="0" failed="0" total="1" passed="1">
  <reporter-output>
  </reporter-output>
  <suite name="Default suite" duration-ms="5194" started-at="2021-07-25T11:43:06Z" finished-at="2021-07-25T11:43:11Z">
    <groups>
    </groups>
    <test name="Default test" duration-ms="5194" started-at="2021-07-25T11:43:06Z" finished-at="2021-07-25T11:43:11Z">
      <class name="jira.JiraOperation">
        <test-method status="PASS" signature="createAnIssueUsingSession()[pri:0, instance:jira.JiraOperation@2ef5e5e3]" name="createAnIssueUsingSession" duration-ms="5159" started-at="2021-07-25T17:13:06Z" finished-at="2021-07-25T17:13:11Z">
          <reporter-output>
          </reporter-output>
        </test-method> <!-- createAnIssueUsingSession -->
      </class> <!-- jira.JiraOperation -->
    </test> <!-- Default test -->
  </suite> <!-- Default suite -->
</testng-results>
