<?xml version="1.0" encoding="UTF-8"?>
<testng-results skipped="0" failed="0" ignored="0" total="1" passed="1">
  <reporter-output>
  </reporter-output>
  <suite name="Command line suite" duration-ms="13" started-at="2021-07-25T12:40:08 IST" finished-at="2021-07-25T12:40:08 IST">
    <groups>
    </groups>
    <test name="Command line test" duration-ms="13" started-at="2021-07-25T12:40:08 IST" finished-at="2021-07-25T12:40:08 IST">
      <class name="automation.RestAssureAPI.AppTest">
        <test-method status="PASS" signature="testApp()[pri:0, instance:testApp(automation.RestAssureAPI.AppTest)]" name="testApp" duration-ms="1" started-at="2021-07-25T12:40:08 IST" finished-at="2021-07-25T12:40:08 IST">
          <reporter-output>
          </reporter-output>
        </test-method> <!-- testApp -->
      </class> <!-- automation.RestAssureAPI.AppTest -->
    </test> <!-- Command line test -->
  </suite> <!-- Command line suite -->
</testng-results>
